
*** Running vivado
    with args -log au_top_0.vds -m64 -product Vivado -mode batch -messageDb vivado.pb -notrace -source au_top_0.tcl



****** Vivado v2020.1 (64-bit)
  **** SW Build 2902540 on Wed May 27 19:54:49 MDT 2020
  **** IP Build 2902112 on Wed May 27 22:43:36 MDT 2020
    ** Copyright 1986-2020 Xilinx, Inc. All Rights Reserved.

source au_top_0.tcl -notrace
Command: synth_design -top au_top_0 -part xc7a35tftg256-1
Starting synth_design
Attempting to get a license for feature 'Synthesis' and/or device 'xc7a35t'
INFO: [Common 17-349] Got license for feature 'Synthesis' and/or device 'xc7a35t'
INFO: [Device 21-403] Loading part xc7a35tftg256-1
INFO: [Synth 8-7079] Multithreading enabled for synth_design using a maximum of 2 processes.
INFO: [Synth 8-7078] Launching helper process for spawning children vivado processes
INFO: [Synth 8-7075] Helper process launched with PID 20384
---------------------------------------------------------------------------------
Starting RTL Elaboration : Time (s): cpu = 00:00:04 ; elapsed = 00:00:04 . Memory (MB): peak = 1014.105 ; gain = 0.000
---------------------------------------------------------------------------------
INFO: [Synth 8-6157] synthesizing module 'au_top_0' [C:/Users/hhzhe/Documents/alchitry/Gamecomment/EvilLightsGame/work/vivado/Gamecomment/Gamecomment.srcs/sources_1/imports/verilog/au_top_0.v:7]
INFO: [Synth 8-6157] synthesizing module 'button_conditioner_2' [C:/Users/hhzhe/Documents/alchitry/Gamecomment/EvilLightsGame/work/vivado/Gamecomment/Gamecomment.srcs/sources_1/imports/verilog/button_conditioner_2.v:13]
	Parameter CLK_FREQ bound to: 26'b10111110101111000010000000 
	Parameter MIN_DELAY bound to: 5'b10100 
	Parameter NUM_SYNC bound to: 2'b10 
INFO: [Synth 8-6157] synthesizing module 'pipeline_5' [C:/Users/hhzhe/Documents/alchitry/Gamecomment/EvilLightsGame/work/vivado/Gamecomment/Gamecomment.srcs/sources_1/imports/verilog/pipeline_5.v:11]
	Parameter DEPTH bound to: 2'b10 
INFO: [Synth 8-6155] done synthesizing module 'pipeline_5' (1#1) [C:/Users/hhzhe/Documents/alchitry/Gamecomment/EvilLightsGame/work/vivado/Gamecomment/Gamecomment.srcs/sources_1/imports/verilog/pipeline_5.v:11]
INFO: [Synth 8-6155] done synthesizing module 'button_conditioner_2' (2#1) [C:/Users/hhzhe/Documents/alchitry/Gamecomment/EvilLightsGame/work/vivado/Gamecomment/Gamecomment.srcs/sources_1/imports/verilog/button_conditioner_2.v:13]
INFO: [Synth 8-6157] synthesizing module 'edge_detector_3' [C:/Users/hhzhe/Documents/alchitry/Gamecomment/EvilLightsGame/work/vivado/Gamecomment/Gamecomment.srcs/sources_1/imports/verilog/edge_detector_3.v:12]
	Parameter RISE bound to: 1'b1 
	Parameter FALL bound to: 1'b0 
INFO: [Synth 8-6155] done synthesizing module 'edge_detector_3' (3#1) [C:/Users/hhzhe/Documents/alchitry/Gamecomment/EvilLightsGame/work/vivado/Gamecomment/Gamecomment.srcs/sources_1/imports/verilog/edge_detector_3.v:12]
INFO: [Synth 8-6157] synthesizing module 'reset_conditioner_1' [C:/Users/hhzhe/Documents/alchitry/Gamecomment/EvilLightsGame/work/vivado/Gamecomment/Gamecomment.srcs/sources_1/imports/verilog/reset_conditioner_1.v:11]
	Parameter STAGES bound to: 3'b100 
INFO: [Synth 8-6155] done synthesizing module 'reset_conditioner_1' (4#1) [C:/Users/hhzhe/Documents/alchitry/Gamecomment/EvilLightsGame/work/vivado/Gamecomment/Gamecomment.srcs/sources_1/imports/verilog/reset_conditioner_1.v:11]
INFO: [Synth 8-6157] synthesizing module 'game_4' [C:/Users/hhzhe/Documents/alchitry/Gamecomment/EvilLightsGame/work/vivado/Gamecomment/Gamecomment.srcs/sources_1/imports/verilog/game_4.v:7]
INFO: [Synth 8-6157] synthesizing module 'regfile_6' [C:/Users/hhzhe/Documents/alchitry/Gamecomment/EvilLightsGame/work/vivado/Gamecomment/Gamecomment.srcs/sources_1/imports/verilog/regfile_6.v:7]
INFO: [Synth 8-6157] synthesizing module 'edge_detector_9' [C:/Users/hhzhe/Documents/alchitry/Gamecomment/EvilLightsGame/work/vivado/Gamecomment/Gamecomment.srcs/sources_1/imports/verilog/edge_detector_9.v:12]
	Parameter RISE bound to: 1'b1 
	Parameter FALL bound to: 1'b1 
INFO: [Synth 8-6155] done synthesizing module 'edge_detector_9' (5#1) [C:/Users/hhzhe/Documents/alchitry/Gamecomment/EvilLightsGame/work/vivado/Gamecomment/Gamecomment.srcs/sources_1/imports/verilog/edge_detector_9.v:12]
INFO: [Synth 8-6157] synthesizing module 'counter_10' [C:/Users/hhzhe/Documents/alchitry/Gamecomment/EvilLightsGame/work/vivado/Gamecomment/Gamecomment.srcs/sources_1/imports/verilog/counter_10.v:14]
	Parameter SIZE bound to: 1'b1 
	Parameter DIV bound to: 5'b10001 
	Parameter TOP bound to: 1'b0 
	Parameter UP bound to: 1'b1 
	Parameter MAX_VALUE bound to: 18'b011111111111111111 
INFO: [Synth 8-6155] done synthesizing module 'counter_10' (6#1) [C:/Users/hhzhe/Documents/alchitry/Gamecomment/EvilLightsGame/work/vivado/Gamecomment/Gamecomment.srcs/sources_1/imports/verilog/counter_10.v:14]
INFO: [Synth 8-6157] synthesizing module 'pn_gen_11' [C:/Users/hhzhe/Documents/alchitry/Gamecomment/EvilLightsGame/work/vivado/Gamecomment/Gamecomment.srcs/sources_1/imports/verilog/pn_gen_11.v:11]
	Parameter SEED bound to: 128'b10000100001100100011001101010010001110100110000100111001011001100100001000111011011000100010010101100010010110010010110001100010 
INFO: [Synth 8-6155] done synthesizing module 'pn_gen_11' (7#1) [C:/Users/hhzhe/Documents/alchitry/Gamecomment/EvilLightsGame/work/vivado/Gamecomment/Gamecomment.srcs/sources_1/imports/verilog/pn_gen_11.v:11]
INFO: [Synth 8-155] case statement is not full and has no default [C:/Users/hhzhe/Documents/alchitry/Gamecomment/EvilLightsGame/work/vivado/Gamecomment/Gamecomment.srcs/sources_1/imports/verilog/regfile_6.v:120]
INFO: [Synth 8-6155] done synthesizing module 'regfile_6' (8#1) [C:/Users/hhzhe/Documents/alchitry/Gamecomment/EvilLightsGame/work/vivado/Gamecomment/Gamecomment.srcs/sources_1/imports/verilog/regfile_6.v:7]
INFO: [Synth 8-6157] synthesizing module 'ctrl_7' [C:/Users/hhzhe/Documents/alchitry/Gamecomment/EvilLightsGame/work/vivado/Gamecomment/Gamecomment.srcs/sources_1/imports/verilog/ctrl_7.v:7]
	Parameter ADD bound to: 6'b000000 
	Parameter SUB bound to: 6'b000001 
	Parameter MUL bound to: 6'b000010 
	Parameter AND bound to: 6'b011000 
	Parameter OR bound to: 6'b011110 
	Parameter XOR bound to: 6'b010110 
	Parameter A bound to: 6'b011010 
	Parameter B bound to: 6'b011100 
	Parameter BCA bound to: 6'b010010 
	Parameter ACB bound to: 6'b010100 
	Parameter SHL bound to: 6'b100000 
	Parameter SHR bound to: 6'b100001 
	Parameter SRA bound to: 6'b100011 
	Parameter ROL bound to: 6'b100100 
	Parameter ROR bound to: 6'b100101 
	Parameter RVA bound to: 6'b100111 
	Parameter CMPEQ bound to: 6'b110011 
	Parameter CMPLT bound to: 6'b110101 
	Parameter CMPLE bound to: 6'b110111 
	Parameter REG_P1 bound to: 4'b0000 
	Parameter REG_P2 bound to: 4'b0001 
	Parameter REG_ROUND bound to: 4'b0010 
	Parameter REG_LEDCD bound to: 4'b0011 
	Parameter REG_TEMP bound to: 4'b0100 
	Parameter REG_TEMP2 bound to: 4'b0101 
	Parameter REG_TEMP3 bound to: 4'b0110 
	Parameter REG_TEMP4 bound to: 4'b0111 
	Parameter REG_7SEG bound to: 4'b1000 
	Parameter REG_P1LED bound to: 4'b1001 
	Parameter REG_P2LED bound to: 4'b1010 
	Parameter REG_LED bound to: 4'b1011 
	Parameter REG_RND bound to: 4'b1100 
	Parameter REG_TIMER bound to: 4'b1101 
	Parameter REG_SW bound to: 4'b1110 
	Parameter START_game_fsm bound to: 6'b000000 
	Parameter S1_game_fsm bound to: 6'b000001 
	Parameter S2_game_fsm bound to: 6'b000010 
	Parameter S3_game_fsm bound to: 6'b000011 
	Parameter S4_game_fsm bound to: 6'b000100 
	Parameter S5_game_fsm bound to: 6'b000101 
	Parameter L1_game_fsm bound to: 6'b000110 
	Parameter L2_game_fsm bound to: 6'b000111 
	Parameter L3_game_fsm bound to: 6'b001000 
	Parameter L4_game_fsm bound to: 6'b001001 
	Parameter R1_game_fsm bound to: 6'b001010 
	Parameter R2_game_fsm bound to: 6'b001011 
	Parameter R3_game_fsm bound to: 6'b001100 
	Parameter R4_game_fsm bound to: 6'b001101 
	Parameter R5_game_fsm bound to: 6'b001110 
	Parameter R6_game_fsm bound to: 6'b001111 
	Parameter R7_game_fsm bound to: 6'b010000 
	Parameter R8_game_fsm bound to: 6'b010001 
	Parameter R9_game_fsm bound to: 6'b010010 
	Parameter R10_game_fsm bound to: 6'b010011 
	Parameter F1_game_fsm bound to: 6'b010100 
	Parameter F2_game_fsm bound to: 6'b010101 
	Parameter F3_game_fsm bound to: 6'b010110 
	Parameter F4_game_fsm bound to: 6'b010111 
	Parameter F5_game_fsm bound to: 6'b011000 
	Parameter F6_game_fsm bound to: 6'b011001 
	Parameter F7_game_fsm bound to: 6'b011010 
	Parameter F8_game_fsm bound to: 6'b011011 
	Parameter F9_game_fsm bound to: 6'b011100 
	Parameter C1_game_fsm bound to: 6'b011101 
	Parameter C2_game_fsm bound to: 6'b011110 
	Parameter C3_game_fsm bound to: 6'b011111 
	Parameter C4_game_fsm bound to: 6'b100000 
	Parameter C5_game_fsm bound to: 6'b100001 
	Parameter C6_game_fsm bound to: 6'b100010 
	Parameter C7_game_fsm bound to: 6'b100011 
	Parameter C8_game_fsm bound to: 6'b100100 
	Parameter C9_game_fsm bound to: 6'b100101 
	Parameter C10_game_fsm bound to: 6'b100110 
	Parameter C11_game_fsm bound to: 6'b100111 
	Parameter C12_game_fsm bound to: 6'b101000 
	Parameter C13_game_fsm bound to: 6'b101001 
	Parameter C14_game_fsm bound to: 6'b101010 
	Parameter C15_game_fsm bound to: 6'b101011 
	Parameter C16_game_fsm bound to: 6'b101100 
	Parameter C17_game_fsm bound to: 6'b101101 
	Parameter C18_game_fsm bound to: 6'b101110 
	Parameter C19_game_fsm bound to: 6'b101111 
	Parameter C20_game_fsm bound to: 6'b110000 
	Parameter C21_game_fsm bound to: 6'b110001 
	Parameter P1W1_game_fsm bound to: 6'b110010 
	Parameter P1W2_game_fsm bound to: 6'b110011 
	Parameter P1W3_game_fsm bound to: 6'b110100 
	Parameter P2W1_game_fsm bound to: 6'b110101 
	Parameter P2W2_game_fsm bound to: 6'b110110 
	Parameter P2W3_game_fsm bound to: 6'b110111 
	Parameter W1_game_fsm bound to: 6'b111000 
	Parameter W2_game_fsm bound to: 6'b111001 
	Parameter W3_game_fsm bound to: 6'b111010 
	Parameter E1_game_fsm bound to: 6'b111011 
	Parameter E2_game_fsm bound to: 6'b111100 
	Parameter E3_game_fsm bound to: 6'b111101 
	Parameter E4_game_fsm bound to: 6'b111110 
INFO: [Synth 8-155] case statement is not full and has no default [C:/Users/hhzhe/Documents/alchitry/Gamecomment/EvilLightsGame/work/vivado/Gamecomment/Gamecomment.srcs/sources_1/imports/verilog/ctrl_7.v:172]
INFO: [Synth 8-6155] done synthesizing module 'ctrl_7' (9#1) [C:/Users/hhzhe/Documents/alchitry/Gamecomment/EvilLightsGame/work/vivado/Gamecomment/Gamecomment.srcs/sources_1/imports/verilog/ctrl_7.v:7]
INFO: [Synth 8-6157] synthesizing module 'alu_16_8' [C:/Users/hhzhe/Documents/alchitry/Gamecomment/EvilLightsGame/work/vivado/Gamecomment/Gamecomment.srcs/sources_1/imports/verilog/alu_16_8.v:7]
INFO: [Synth 8-6157] synthesizing module 'alu_adder_12' [C:/Users/hhzhe/Documents/alchitry/Gamecomment/EvilLightsGame/work/vivado/Gamecomment/Gamecomment.srcs/sources_1/imports/verilog/alu_adder_12.v:7]
INFO: [Synth 8-6155] done synthesizing module 'alu_adder_12' (10#1) [C:/Users/hhzhe/Documents/alchitry/Gamecomment/EvilLightsGame/work/vivado/Gamecomment/Gamecomment.srcs/sources_1/imports/verilog/alu_adder_12.v:7]
INFO: [Synth 8-6157] synthesizing module 'alu_boolean_13' [C:/Users/hhzhe/Documents/alchitry/Gamecomment/EvilLightsGame/work/vivado/Gamecomment/Gamecomment.srcs/sources_1/imports/verilog/alu_boolean_13.v:7]
INFO: [Synth 8-6155] done synthesizing module 'alu_boolean_13' (11#1) [C:/Users/hhzhe/Documents/alchitry/Gamecomment/EvilLightsGame/work/vivado/Gamecomment/Gamecomment.srcs/sources_1/imports/verilog/alu_boolean_13.v:7]
INFO: [Synth 8-6157] synthesizing module 'alu_shifter_14' [C:/Users/hhzhe/Documents/alchitry/Gamecomment/EvilLightsGame/work/vivado/Gamecomment/Gamecomment.srcs/sources_1/imports/verilog/alu_shifter_14.v:7]
INFO: [Synth 8-6155] done synthesizing module 'alu_shifter_14' (12#1) [C:/Users/hhzhe/Documents/alchitry/Gamecomment/EvilLightsGame/work/vivado/Gamecomment/Gamecomment.srcs/sources_1/imports/verilog/alu_shifter_14.v:7]
INFO: [Synth 8-6157] synthesizing module 'alu_compare_15' [C:/Users/hhzhe/Documents/alchitry/Gamecomment/EvilLightsGame/work/vivado/Gamecomment/Gamecomment.srcs/sources_1/imports/verilog/alu_compare_15.v:7]
INFO: [Synth 8-6155] done synthesizing module 'alu_compare_15' (13#1) [C:/Users/hhzhe/Documents/alchitry/Gamecomment/EvilLightsGame/work/vivado/Gamecomment/Gamecomment.srcs/sources_1/imports/verilog/alu_compare_15.v:7]
INFO: [Synth 8-6157] synthesizing module 'mx16x16_16' [C:/Users/hhzhe/Documents/alchitry/Gamecomment/EvilLightsGame/work/vivado/Gamecomment/Gamecomment.srcs/sources_1/imports/verilog/mx16x16_16.v:7]
INFO: [Synth 8-6157] synthesizing module 'half_adder_17' [C:/Users/hhzhe/Documents/alchitry/Gamecomment/EvilLightsGame/work/vivado/Gamecomment/Gamecomment.srcs/sources_1/imports/verilog/half_adder_17.v:7]
INFO: [Synth 8-6155] done synthesizing module 'half_adder_17' (14#1) [C:/Users/hhzhe/Documents/alchitry/Gamecomment/EvilLightsGame/work/vivado/Gamecomment/Gamecomment.srcs/sources_1/imports/verilog/half_adder_17.v:7]
INFO: [Synth 8-6157] synthesizing module 'full_adder_18' [C:/Users/hhzhe/Documents/alchitry/Gamecomment/EvilLightsGame/work/vivado/Gamecomment/Gamecomment.srcs/sources_1/imports/verilog/full_adder_18.v:7]
INFO: [Synth 8-6155] done synthesizing module 'full_adder_18' (15#1) [C:/Users/hhzhe/Documents/alchitry/Gamecomment/EvilLightsGame/work/vivado/Gamecomment/Gamecomment.srcs/sources_1/imports/verilog/full_adder_18.v:7]
INFO: [Synth 8-6155] done synthesizing module 'mx16x16_16' (16#1) [C:/Users/hhzhe/Documents/alchitry/Gamecomment/EvilLightsGame/work/vivado/Gamecomment/Gamecomment.srcs/sources_1/imports/verilog/mx16x16_16.v:7]
INFO: [Synth 8-226] default block is never used [C:/Users/hhzhe/Documents/alchitry/Gamecomment/EvilLightsGame/work/vivado/Gamecomment/Gamecomment.srcs/sources_1/imports/verilog/alu_16_8.v:100]
INFO: [Synth 8-6155] done synthesizing module 'alu_16_8' (17#1) [C:/Users/hhzhe/Documents/alchitry/Gamecomment/EvilLightsGame/work/vivado/Gamecomment/Gamecomment.srcs/sources_1/imports/verilog/alu_16_8.v:7]
INFO: [Synth 8-226] default block is never used [C:/Users/hhzhe/Documents/alchitry/Gamecomment/EvilLightsGame/work/vivado/Gamecomment/Gamecomment.srcs/sources_1/imports/verilog/game_4.v:95]
INFO: [Synth 8-226] default block is never used [C:/Users/hhzhe/Documents/alchitry/Gamecomment/EvilLightsGame/work/vivado/Gamecomment/Gamecomment.srcs/sources_1/imports/verilog/game_4.v:110]
INFO: [Synth 8-226] default block is never used [C:/Users/hhzhe/Documents/alchitry/Gamecomment/EvilLightsGame/work/vivado/Gamecomment/Gamecomment.srcs/sources_1/imports/verilog/game_4.v:164]
INFO: [Synth 8-6155] done synthesizing module 'game_4' (18#1) [C:/Users/hhzhe/Documents/alchitry/Gamecomment/EvilLightsGame/work/vivado/Gamecomment/Gamecomment.srcs/sources_1/imports/verilog/game_4.v:7]
INFO: [Synth 8-6155] done synthesizing module 'au_top_0' (19#1) [C:/Users/hhzhe/Documents/alchitry/Gamecomment/EvilLightsGame/work/vivado/Gamecomment/Gamecomment.srcs/sources_1/imports/verilog/au_top_0.v:7]
---------------------------------------------------------------------------------
Finished RTL Elaboration : Time (s): cpu = 00:00:05 ; elapsed = 00:00:05 . Memory (MB): peak = 1014.105 ; gain = 0.000
---------------------------------------------------------------------------------
---------------------------------------------------------------------------------
Start Handling Custom Attributes
---------------------------------------------------------------------------------
---------------------------------------------------------------------------------
Finished Handling Custom Attributes : Time (s): cpu = 00:00:05 ; elapsed = 00:00:06 . Memory (MB): peak = 1014.105 ; gain = 0.000
---------------------------------------------------------------------------------
---------------------------------------------------------------------------------
Finished RTL Optimization Phase 1 : Time (s): cpu = 00:00:05 ; elapsed = 00:00:06 . Memory (MB): peak = 1014.105 ; gain = 0.000
---------------------------------------------------------------------------------
Netlist sorting complete. Time (s): cpu = 00:00:00 ; elapsed = 00:00:00.028 . Memory (MB): peak = 1014.105 ; gain = 0.000
INFO: [Project 1-570] Preparing netlist for logic optimization

Processing XDC Constraints
Initializing timing engine
Parsing XDC File [C:/Users/hhzhe/Documents/alchitry/Gamecomment/EvilLightsGame/work/constraint/alchitry.xdc]
Finished Parsing XDC File [C:/Users/hhzhe/Documents/alchitry/Gamecomment/EvilLightsGame/work/constraint/alchitry.xdc]
INFO: [Project 1-236] Implementation specific constraints were found while reading constraint file [C:/Users/hhzhe/Documents/alchitry/Gamecomment/EvilLightsGame/work/constraint/alchitry.xdc]. These constraints will be ignored for synthesis but will be used in implementation. Impacted constraints are listed in the file [.Xil/au_top_0_propImpl.xdc].
Resolution: To avoid this warning, move constraints listed in [.Xil/au_top_0_propImpl.xdc] to another XDC file and exclude this new file from synthesis with the used_in_synthesis property (File Properties dialog in GUI) and re-run elaboration/synthesis.
Parsing XDC File [C:/Users/hhzhe/Documents/alchitry/Gamecomment/EvilLightsGame/work/constraint/io.xdc]
Finished Parsing XDC File [C:/Users/hhzhe/Documents/alchitry/Gamecomment/EvilLightsGame/work/constraint/io.xdc]
INFO: [Project 1-236] Implementation specific constraints were found while reading constraint file [C:/Users/hhzhe/Documents/alchitry/Gamecomment/EvilLightsGame/work/constraint/io.xdc]. These constraints will be ignored for synthesis but will be used in implementation. Impacted constraints are listed in the file [.Xil/au_top_0_propImpl.xdc].
Resolution: To avoid this warning, move constraints listed in [.Xil/au_top_0_propImpl.xdc] to another XDC file and exclude this new file from synthesis with the used_in_synthesis property (File Properties dialog in GUI) and re-run elaboration/synthesis.
Parsing XDC File [C:/Program Files/Alchitry/Alchitry Labs/library/components/au.xdc]
Finished Parsing XDC File [C:/Program Files/Alchitry/Alchitry Labs/library/components/au.xdc]
Completed Processing XDC Constraints

Netlist sorting complete. Time (s): cpu = 00:00:00 ; elapsed = 00:00:00.001 . Memory (MB): peak = 1014.105 ; gain = 0.000
INFO: [Project 1-111] Unisim Transformation Summary:
No Unisim elements were transformed.

Constraint Validation Runtime : Time (s): cpu = 00:00:00 ; elapsed = 00:00:00.013 . Memory (MB): peak = 1014.105 ; gain = 0.000
---------------------------------------------------------------------------------
Finished Constraint Validation : Time (s): cpu = 00:00:11 ; elapsed = 00:00:12 . Memory (MB): peak = 1014.105 ; gain = 0.000
---------------------------------------------------------------------------------
---------------------------------------------------------------------------------
Start Loading Part and Timing Information
---------------------------------------------------------------------------------
Loading part: xc7a35tftg256-1
---------------------------------------------------------------------------------
Finished Loading Part and Timing Information : Time (s): cpu = 00:00:11 ; elapsed = 00:00:12 . Memory (MB): peak = 1014.105 ; gain = 0.000
---------------------------------------------------------------------------------
---------------------------------------------------------------------------------
Start Applying 'set_property' XDC Constraints
---------------------------------------------------------------------------------
---------------------------------------------------------------------------------
Finished applying 'set_property' XDC Constraints : Time (s): cpu = 00:00:11 ; elapsed = 00:00:12 . Memory (MB): peak = 1014.105 ; gain = 0.000
---------------------------------------------------------------------------------
INFO: [Synth 8-802] inferred FSM for state register 'M_game_fsm_q_reg' in module 'ctrl_7'
---------------------------------------------------------------------------------------------------
                   State |                     New Encoding |                Previous Encoding 
---------------------------------------------------------------------------------------------------
          START_game_fsm | 000000000000000000000000000000000000000000000000000000000000001 |                           000000
             S1_game_fsm | 000000000000000000000000000000000000000000000000000000000000010 |                           000001
             S2_game_fsm | 000000000000000000000000000000000000000000000000000000000000100 |                           000010
             S3_game_fsm | 000000000000000000000000000000000000000000000000000000000001000 |                           000011
             S4_game_fsm | 000000000000000000000000000000000000000000000000000000000010000 |                           000100
             S5_game_fsm | 000000000000000000000000000000000000000000000000000000000100000 |                           000101
             L1_game_fsm | 000000000000000000000000000000000000000000000000000000001000000 |                           000110
             L2_game_fsm | 000000000000000000000000000000000000000000000000000000010000000 |                           000111
             L3_game_fsm | 000000000000000000000000000000000000000000000000000000100000000 |                           001000
             L4_game_fsm | 000000000000000000000000000000000000000000000000000001000000000 |                           001001
             R1_game_fsm | 000000000000000000000000000000000000000000000000000010000000000 |                           001010
             R2_game_fsm | 000000000000000000000000000000000000000000000000000100000000000 |                           001011
             R3_game_fsm | 000000000000000000000000000000000000000000000000001000000000000 |                           001100
             R4_game_fsm | 000000000000000000000000000000000000000000000000010000000000000 |                           001101
             R5_game_fsm | 000000000000000000000000000000000000000000000000100000000000000 |                           001110
             R6_game_fsm | 000000000000000000000000000000000000000000000001000000000000000 |                           001111
             R7_game_fsm | 000000000000000000000000000000000000000000000010000000000000000 |                           010000
             R8_game_fsm | 000000000000000000000000000000000000000000000100000000000000000 |                           010001
             R9_game_fsm | 000000000000000000000000000000000000000000001000000000000000000 |                           010010
             F1_game_fsm | 000000000000000000000000000000000000000000010000000000000000000 |                           010100
             F2_game_fsm | 000000000000000000000000000000000000000000100000000000000000000 |                           010101
             F3_game_fsm | 000000000000000000000000000000000000000001000000000000000000000 |                           010110
             F4_game_fsm | 000000000000000000000000000000000000000010000000000000000000000 |                           010111
             F5_game_fsm | 000000000000000000000000000000000000000100000000000000000000000 |                           011000
             F6_game_fsm | 000000000000000000000000000000000000001000000000000000000000000 |                           011001
             F8_game_fsm | 000000000000000000000000000000000000010000000000000000000000000 |                           011011
             F7_game_fsm | 000000000000000000000000000000000000100000000000000000000000000 |                           011010
             F9_game_fsm | 000000000000000000000000000000000001000000000000000000000000000 |                           011100
             C1_game_fsm | 000000000000000000000000000000000010000000000000000000000000000 |                           011101
             C2_game_fsm | 000000000000000000000000000000000100000000000000000000000000000 |                           011110
             C3_game_fsm | 000000000000000000000000000000001000000000000000000000000000000 |                           011111
             C4_game_fsm | 000000000000000000000000000000010000000000000000000000000000000 |                           100000
             C5_game_fsm | 000000000000000000000000000000100000000000000000000000000000000 |                           100001
             C6_game_fsm | 000000000000000000000000000001000000000000000000000000000000000 |                           100010
             C7_game_fsm | 000000000000000000000000000010000000000000000000000000000000000 |                           100011
             C8_game_fsm | 000000000000000000000000000100000000000000000000000000000000000 |                           100100
             C9_game_fsm | 000000000000000000000000001000000000000000000000000000000000000 |                           100101
            C10_game_fsm | 000000000000000000000000010000000000000000000000000000000000000 |                           100110
            C11_game_fsm | 000000000000000000000000100000000000000000000000000000000000000 |                           100111
            C12_game_fsm | 000000000000000000000001000000000000000000000000000000000000000 |                           101000
            C13_game_fsm | 000000000000000000000010000000000000000000000000000000000000000 |                           101001
            C14_game_fsm | 000000000000000000000100000000000000000000000000000000000000000 |                           101010
            C15_game_fsm | 000000000000000000001000000000000000000000000000000000000000000 |                           101011
            C16_game_fsm | 000000000000000000010000000000000000000000000000000000000000000 |                           101100
            C17_game_fsm | 000000000000000000100000000000000000000000000000000000000000000 |                           101101
            C18_game_fsm | 000000000000000001000000000000000000000000000000000000000000000 |                           101110
            C19_game_fsm | 000000000000000010000000000000000000000000000000000000000000000 |                           101111
            C20_game_fsm | 000000000000000100000000000000000000000000000000000000000000000 |                           110000
            C21_game_fsm | 000000000000001000000000000000000000000000000000000000000000000 |                           110001
           P2W1_game_fsm | 000000000000010000000000000000000000000000000000000000000000000 |                           110101
           P2W2_game_fsm | 000000000000100000000000000000000000000000000000000000000000000 |                           110110
           P2W3_game_fsm | 000000000001000000000000000000000000000000000000000000000000000 |                           110111
           P1W1_game_fsm | 000000000010000000000000000000000000000000000000000000000000000 |                           110010
           P1W2_game_fsm | 000000000100000000000000000000000000000000000000000000000000000 |                           110011
           P1W3_game_fsm | 000000001000000000000000000000000000000000000000000000000000000 |                           110100
             W1_game_fsm | 000000010000000000000000000000000000000000000000000000000000000 |                           111000
             E1_game_fsm | 000000100000000000000000000000000000000000000000000000000000000 |                           111011
             E2_game_fsm | 000001000000000000000000000000000000000000000000000000000000000 |                           111100
             E3_game_fsm | 000010000000000000000000000000000000000000000000000000000000000 |                           111101
             E4_game_fsm | 000100000000000000000000000000000000000000000000000000000000000 |                           111110
             W2_game_fsm | 001000000000000000000000000000000000000000000000000000000000000 |                           111001
             W3_game_fsm | 010000000000000000000000000000000000000000000000000000000000000 |                           111010
            R10_game_fsm | 100000000000000000000000000000000000000000000000000000000000000 |                           010011
---------------------------------------------------------------------------------------------------
INFO: [Synth 8-3354] encoded FSM with state register 'M_game_fsm_q_reg' using encoding 'one-hot' in module 'ctrl_7'
---------------------------------------------------------------------------------
Finished RTL Optimization Phase 2 : Time (s): cpu = 00:00:12 ; elapsed = 00:00:13 . Memory (MB): peak = 1014.105 ; gain = 0.000
---------------------------------------------------------------------------------
---------------------------------------------------------------------------------
Start RTL Component Statistics 
---------------------------------------------------------------------------------
Detailed RTL Component Info : 
+---Adders : 
	   2 Input   16 Bit       Adders := 1     
	   3 Input   16 Bit       Adders := 1     
+---XORs : 
	   2 Input     32 Bit         XORs := 2     
	   4 Input     32 Bit         XORs := 1     
	   2 Input     16 Bit         XORs := 1     
	   2 Input      1 Bit         XORs := 17    
	   3 Input      1 Bit         XORs := 105   
+---Registers : 
	               32 Bit    Registers := 4     
	               16 Bit    Registers := 14    
	                4 Bit    Registers := 1     
	                2 Bit    Registers := 7     
	                1 Bit    Registers := 8     
+---Muxes : 
	  63 Input   63 Bit        Muxes := 1     
	   2 Input   63 Bit        Muxes := 11    
	   2 Input   32 Bit        Muxes := 1     
	   2 Input   16 Bit        Muxes := 34    
	  14 Input   16 Bit        Muxes := 1     
	   8 Input   16 Bit        Muxes := 1     
	   4 Input   16 Bit        Muxes := 2     
	  63 Input   12 Bit        Muxes := 1     
	   2 Input   12 Bit        Muxes := 1     
	  63 Input    6 Bit        Muxes := 1     
	   2 Input    6 Bit        Muxes := 1     
	  63 Input    4 Bit        Muxes := 3     
	   2 Input    4 Bit        Muxes := 4     
	   6 Input    4 Bit        Muxes := 1     
	   8 Input    3 Bit        Muxes := 1     
	   2 Input    1 Bit        Muxes := 3     
	  14 Input    1 Bit        Muxes := 13    
	   3 Input    1 Bit        Muxes := 1     
	  63 Input    1 Bit        Muxes := 4     
---------------------------------------------------------------------------------
Finished RTL Component Statistics 
---------------------------------------------------------------------------------
---------------------------------------------------------------------------------
Start Part Resource Summary
---------------------------------------------------------------------------------
Part Resources:
DSPs: 90 (col length:60)
BRAMs: 100 (col length: RAMB18 60 RAMB36 30)
---------------------------------------------------------------------------------
Finished Part Resource Summary
---------------------------------------------------------------------------------
---------------------------------------------------------------------------------
Start Cross Boundary and Area Optimization
---------------------------------------------------------------------------------
---------------------------------------------------------------------------------
Finished Cross Boundary and Area Optimization : Time (s): cpu = 00:00:39 ; elapsed = 00:00:40 . Memory (MB): peak = 1031.188 ; gain = 17.082
---------------------------------------------------------------------------------
---------------------------------------------------------------------------------
Start Applying XDC Timing Constraints
---------------------------------------------------------------------------------
---------------------------------------------------------------------------------
Finished Applying XDC Timing Constraints : Time (s): cpu = 00:00:46 ; elapsed = 00:00:47 . Memory (MB): peak = 1031.188 ; gain = 17.082
---------------------------------------------------------------------------------
---------------------------------------------------------------------------------
Start Timing Optimization
---------------------------------------------------------------------------------
---------------------------------------------------------------------------------
Finished Timing Optimization : Time (s): cpu = 00:03:22 ; elapsed = 00:03:23 . Memory (MB): peak = 1231.750 ; gain = 217.645
---------------------------------------------------------------------------------
---------------------------------------------------------------------------------
Start Technology Mapping
---------------------------------------------------------------------------------
---------------------------------------------------------------------------------
Finished Technology Mapping : Time (s): cpu = 00:03:24 ; elapsed = 00:03:25 . Memory (MB): peak = 1231.750 ; gain = 217.645
---------------------------------------------------------------------------------
---------------------------------------------------------------------------------
Start IO Insertion
---------------------------------------------------------------------------------
---------------------------------------------------------------------------------
Start Flattening Before IO Insertion
---------------------------------------------------------------------------------
---------------------------------------------------------------------------------
Finished Flattening Before IO Insertion
---------------------------------------------------------------------------------
---------------------------------------------------------------------------------
Start Final Netlist Cleanup
---------------------------------------------------------------------------------
---------------------------------------------------------------------------------
Finished Final Netlist Cleanup
---------------------------------------------------------------------------------
---------------------------------------------------------------------------------
Finished IO Insertion : Time (s): cpu = 00:03:27 ; elapsed = 00:03:28 . Memory (MB): peak = 1231.750 ; gain = 217.645
---------------------------------------------------------------------------------
---------------------------------------------------------------------------------
Start Renaming Generated Instances
---------------------------------------------------------------------------------
---------------------------------------------------------------------------------
Finished Renaming Generated Instances : Time (s): cpu = 00:03:27 ; elapsed = 00:03:28 . Memory (MB): peak = 1231.750 ; gain = 217.645
---------------------------------------------------------------------------------
---------------------------------------------------------------------------------
Start Rebuilding User Hierarchy
---------------------------------------------------------------------------------
---------------------------------------------------------------------------------
Finished Rebuilding User Hierarchy : Time (s): cpu = 00:03:27 ; elapsed = 00:03:28 . Memory (MB): peak = 1231.750 ; gain = 217.645
---------------------------------------------------------------------------------
---------------------------------------------------------------------------------
Start Renaming Generated Ports
---------------------------------------------------------------------------------
---------------------------------------------------------------------------------
Finished Renaming Generated Ports : Time (s): cpu = 00:03:27 ; elapsed = 00:03:28 . Memory (MB): peak = 1231.750 ; gain = 217.645
---------------------------------------------------------------------------------
---------------------------------------------------------------------------------
Start Handling Custom Attributes
---------------------------------------------------------------------------------
---------------------------------------------------------------------------------
Finished Handling Custom Attributes : Time (s): cpu = 00:03:27 ; elapsed = 00:03:28 . Memory (MB): peak = 1231.750 ; gain = 217.645
---------------------------------------------------------------------------------
---------------------------------------------------------------------------------
Start Renaming Generated Nets
---------------------------------------------------------------------------------
---------------------------------------------------------------------------------
Finished Renaming Generated Nets : Time (s): cpu = 00:03:27 ; elapsed = 00:03:28 . Memory (MB): peak = 1231.750 ; gain = 217.645
---------------------------------------------------------------------------------
---------------------------------------------------------------------------------
Start Writing Synthesis Report
---------------------------------------------------------------------------------

Report BlackBoxes: 
+-+--------------+----------+
| |BlackBox name |Instances |
+-+--------------+----------+
+-+--------------+----------+

Report Cell Usage: 
+------+-------+------+
|      |Cell   |Count |
+------+-------+------+
|1     |BUFG   |     1|
|2     |CARRY4 |    48|
|3     |LUT1   |    44|
|4     |LUT2   |   164|
|5     |LUT3   |   121|
|6     |LUT4   |   151|
|7     |LUT5   |   148|
|8     |LUT6   |   530|
|9     |MUXF7  |     8|
|10    |FDRE   |   509|
|11    |FDSE   |    58|
|12    |IBUF   |    10|
|13    |OBUF   |    45|
+------+-------+------+
---------------------------------------------------------------------------------
Finished Writing Synthesis Report : Time (s): cpu = 00:03:27 ; elapsed = 00:03:28 . Memory (MB): peak = 1231.750 ; gain = 217.645
---------------------------------------------------------------------------------
Synthesis finished with 0 errors, 0 critical warnings and 0 warnings.
Synthesis Optimization Runtime : Time (s): cpu = 00:03:19 ; elapsed = 00:03:26 . Memory (MB): peak = 1231.750 ; gain = 217.645
Synthesis Optimization Complete : Time (s): cpu = 00:03:27 ; elapsed = 00:03:29 . Memory (MB): peak = 1231.750 ; gain = 217.645
INFO: [Project 1-571] Translating synthesized netlist
Netlist sorting complete. Time (s): cpu = 00:00:00 ; elapsed = 00:00:00.024 . Memory (MB): peak = 1231.750 ; gain = 0.000
INFO: [Netlist 29-17] Analyzing 56 Unisim elements for replacement
INFO: [Netlist 29-28] Unisim Transformation completed in 0 CPU seconds
INFO: [Project 1-570] Preparing netlist for logic optimization
INFO: [Opt 31-138] Pushed 0 inverter(s) to 0 load pin(s).
Netlist sorting complete. Time (s): cpu = 00:00:00 ; elapsed = 00:00:00 . Memory (MB): peak = 1231.750 ; gain = 0.000
INFO: [Project 1-111] Unisim Transformation Summary:
No Unisim elements were transformed.

INFO: [Common 17-83] Releasing license: Synthesis
62 Infos, 0 Warnings, 0 Critical Warnings and 0 Errors encountered.
synth_design completed successfully
synth_design: Time (s): cpu = 00:03:33 ; elapsed = 00:03:35 . Memory (MB): peak = 1231.750 ; gain = 217.645
INFO: [Common 17-1381] The checkpoint 'C:/Users/hhzhe/Documents/alchitry/Gamecomment/EvilLightsGame/work/vivado/Gamecomment/Gamecomment.runs/synth_1/au_top_0.dcp' has been generated.
INFO: [runtcl-4] Executing : report_utilization -file au_top_0_utilization_synth.rpt -pb au_top_0_utilization_synth.pb
INFO: [Common 17-206] Exiting Vivado at Tue Dec  1 18:39:20 2020...
